2018-02-20 14:27:17.018  INFO 16724 --- [restartedMain] c.e.easynotes.EasyNotesApplication       : Starting EasyNotesApplication on USCHISREGURI0 with PID 16724 (started by sreguri in C:\Users\sreguri\Sample Project\spring-boot-mysql-rest-api-tutorial)
2018-02-20 14:27:17.018  INFO 16724 --- [restartedMain] c.e.easynotes.EasyNotesApplication       : No active profile set, falling back to default profiles: default
2018-02-20 14:27:17.022  INFO 16724 --- [restartedMain] ationConfigEmbeddedWebApplicationContext : Refreshing org.springframework.boot.context.embedded.AnnotationConfigEmbeddedWebApplicationContext@659bcb9: startup date [Tue Feb 20 14:27:17 CST 2018]; root of context hierarchy
2018-02-20 14:27:18.374  INFO 16724 --- [restartedMain] s.b.c.e.t.TomcatEmbeddedServletContainer : Tomcat initialized with port(s): 8080 (http)
2018-02-20 14:27:18.376  INFO 16724 --- [restartedMain] o.apache.catalina.core.StandardService   : Starting service [Tomcat]
2018-02-20 14:27:18.377  INFO 16724 --- [restartedMain] org.apache.catalina.core.StandardEngine  : Starting Servlet Engine: Apache Tomcat/8.5.15
2018-02-20 14:27:18.430  INFO 16724 --- [localhost-startStop-1] o.a.c.c.C.[Tomcat].[localhost].[/]       : Initializing Spring embedded WebApplicationContext
2018-02-20 14:27:18.430  INFO 16724 --- [localhost-startStop-1] o.s.web.context.ContextLoader            : Root WebApplicationContext: initialization completed in 1408 ms
2018-02-20 14:27:18.466  INFO 16724 --- [localhost-startStop-1] o.s.b.w.servlet.ServletRegistrationBean  : Mapping servlet: 'dispatcherServlet' to [/]
2018-02-20 14:27:18.466  INFO 16724 --- [localhost-startStop-1] o.s.b.w.servlet.FilterRegistrationBean   : Mapping filter: 'characterEncodingFilter' to: [/*]
2018-02-20 14:27:18.466  INFO 16724 --- [localhost-startStop-1] o.s.b.w.servlet.FilterRegistrationBean   : Mapping filter: 'hiddenHttpMethodFilter' to: [/*]
2018-02-20 14:27:18.466  INFO 16724 --- [localhost-startStop-1] o.s.b.w.servlet.FilterRegistrationBean   : Mapping filter: 'httpPutFormContentFilter' to: [/*]
2018-02-20 14:27:18.466  INFO 16724 --- [localhost-startStop-1] o.s.b.w.servlet.FilterRegistrationBean   : Mapping filter: 'requestContextFilter' to: [/*]
2018-02-20 14:27:18.650  INFO 16724 --- [restartedMain] j.LocalContainerEntityManagerFactoryBean : Building JPA container EntityManagerFactory for persistence unit 'default'
2018-02-20 14:27:18.654  INFO 16724 --- [restartedMain] o.hibernate.jpa.internal.util.LogHelper  : HHH000204: Processing PersistenceUnitInfo [
	name: default
	...]
2018-02-20 14:27:18.674  INFO 16724 --- [restartedMain] org.hibernate.dialect.Dialect            : HHH000400: Using dialect: org.hibernate.dialect.MySQL5Dialect
2018-02-20 14:27:18.674  INFO 16724 --- [restartedMain] o.h.e.j.e.i.LobCreatorBuilderImpl        : HHH000423: Disabling contextual LOB creation as JDBC driver reported JDBC version [3] less than 4
2018-02-20 14:27:18.698  INFO 16724 --- [restartedMain] org.hibernate.tool.hbm2ddl.SchemaUpdate  : HHH000228: Running hbm2ddl schema update
2018-02-20 14:27:18.714  INFO 16724 --- [restartedMain] j.LocalContainerEntityManagerFactoryBean : Initialized JPA EntityManagerFactory for persistence unit 'default'
2018-02-20 14:27:18.750 DEBUG 16724 --- [restartedMain] o.h.stat.internal.StatisticsInitiator    : Statistics initialized [enabled=true]
2018-02-20 14:27:18.750  INFO 16724 --- [restartedMain] i.StatisticalLoggingSessionEventListener : Session Metrics {
    0 nanoseconds spent acquiring 0 JDBC connections;
    0 nanoseconds spent releasing 0 JDBC connections;
    0 nanoseconds spent preparing 0 JDBC statements;
    0 nanoseconds spent executing 0 JDBC statements;
    0 nanoseconds spent executing 0 JDBC batches;
    0 nanoseconds spent performing 0 L2C puts;
    0 nanoseconds spent performing 0 L2C hits;
    0 nanoseconds spent performing 0 L2C misses;
    0 nanoseconds spent executing 0 flushes (flushing a total of 0 entities and 0 collections);
    0 nanoseconds spent executing 0 partial-flushes (flushing a total of 0 entities and 0 collections)
}
2018-02-20 14:27:18.750  INFO 16724 --- [restartedMain] i.StatisticalLoggingSessionEventListener : Session Metrics {
    0 nanoseconds spent acquiring 0 JDBC connections;
    0 nanoseconds spent releasing 0 JDBC connections;
    0 nanoseconds spent preparing 0 JDBC statements;
    0 nanoseconds spent executing 0 JDBC statements;
    0 nanoseconds spent executing 0 JDBC batches;
    0 nanoseconds spent performing 0 L2C puts;
    0 nanoseconds spent performing 0 L2C hits;
    0 nanoseconds spent performing 0 L2C misses;
    0 nanoseconds spent executing 0 flushes (flushing a total of 0 entities and 0 collections);
    0 nanoseconds spent executing 0 partial-flushes (flushing a total of 0 entities and 0 collections)
}
2018-02-20 14:27:18.754  INFO 16724 --- [restartedMain] i.StatisticalLoggingSessionEventListener : Session Metrics {
    0 nanoseconds spent acquiring 0 JDBC connections;
    0 nanoseconds spent releasing 0 JDBC connections;
    0 nanoseconds spent preparing 0 JDBC statements;
    0 nanoseconds spent executing 0 JDBC statements;
    0 nanoseconds spent executing 0 JDBC batches;
    0 nanoseconds spent performing 0 L2C puts;
    0 nanoseconds spent performing 0 L2C hits;
    0 nanoseconds spent performing 0 L2C misses;
    0 nanoseconds spent executing 0 flushes (flushing a total of 0 entities and 0 collections);
    0 nanoseconds spent executing 0 partial-flushes (flushing a total of 0 entities and 0 collections)
}
2018-02-20 14:27:18.754  INFO 16724 --- [restartedMain] o.h.h.i.QueryTranslatorFactoryInitiator  : HHH000397: Using ASTQueryTranslatorFactory
2018-02-20 14:27:18.758  INFO 16724 --- [restartedMain] i.StatisticalLoggingSessionEventListener : Session Metrics {
    0 nanoseconds spent acquiring 0 JDBC connections;
    0 nanoseconds spent releasing 0 JDBC connections;
    0 nanoseconds spent preparing 0 JDBC statements;
    0 nanoseconds spent executing 0 JDBC statements;
    0 nanoseconds spent executing 0 JDBC batches;
    0 nanoseconds spent performing 0 L2C puts;
    0 nanoseconds spent performing 0 L2C hits;
    0 nanoseconds spent performing 0 L2C misses;
    0 nanoseconds spent executing 0 flushes (flushing a total of 0 entities and 0 collections);
    0 nanoseconds spent executing 0 partial-flushes (flushing a total of 0 entities and 0 collections)
}
2018-02-20 14:27:18.762  INFO 16724 --- [restartedMain] i.StatisticalLoggingSessionEventListener : Session Metrics {
    0 nanoseconds spent acquiring 0 JDBC connections;
    0 nanoseconds spent releasing 0 JDBC connections;
    0 nanoseconds spent preparing 0 JDBC statements;
    0 nanoseconds spent executing 0 JDBC statements;
    0 nanoseconds spent executing 0 JDBC batches;
    0 nanoseconds spent performing 0 L2C puts;
    0 nanoseconds spent performing 0 L2C hits;
    0 nanoseconds spent performing 0 L2C misses;
    0 nanoseconds spent executing 0 flushes (flushing a total of 0 entities and 0 collections);
    0 nanoseconds spent executing 0 partial-flushes (flushing a total of 0 entities and 0 collections)
}
2018-02-20 14:27:18.766  INFO 16724 --- [restartedMain] i.StatisticalLoggingSessionEventListener : Session Metrics {
    0 nanoseconds spent acquiring 0 JDBC connections;
    0 nanoseconds spent releasing 0 JDBC connections;
    0 nanoseconds spent preparing 0 JDBC statements;
    0 nanoseconds spent executing 0 JDBC statements;
    0 nanoseconds spent executing 0 JDBC batches;
    0 nanoseconds spent performing 0 L2C puts;
    0 nanoseconds spent performing 0 L2C hits;
    0 nanoseconds spent performing 0 L2C misses;
    0 nanoseconds spent executing 0 flushes (flushing a total of 0 entities and 0 collections);
    0 nanoseconds spent executing 0 partial-flushes (flushing a total of 0 entities and 0 collections)
}
2018-02-20 14:27:18.858  INFO 16724 --- [restartedMain] s.w.s.m.m.a.RequestMappingHandlerAdapter : Looking for @ControllerAdvice: org.springframework.boot.context.embedded.AnnotationConfigEmbeddedWebApplicationContext@659bcb9: startup date [Tue Feb 20 14:27:17 CST 2018]; root of context hierarchy
2018-02-20 14:27:18.866  INFO 16724 --- [restartedMain] s.w.s.m.m.a.RequestMappingHandlerMapping : Mapped "{[/api/notesbycriteria],methods=[GET]}" onto public java.util.List<com.example.easynotes.model.Note> com.example.easynotes.controller.NoteController.getAllNotesCriteria()
2018-02-20 14:27:18.866  INFO 16724 --- [restartedMain] s.w.s.m.m.a.RequestMappingHandlerMapping : Mapped "{[/api/notesbynativesql],methods=[GET]}" onto public java.util.List<com.example.easynotes.model.Note> com.example.easynotes.controller.NoteController.getNotesByNativeSql()
2018-02-20 14:27:18.866  INFO 16724 --- [restartedMain] s.w.s.m.m.a.RequestMappingHandlerMapping : Mapped "{[/api/notes/{id}],methods=[DELETE]}" onto public org.springframework.http.ResponseEntity<com.example.easynotes.model.Note> com.example.easynotes.controller.NoteController.deleteNote(java.lang.Long)
2018-02-20 14:27:18.866  INFO 16724 --- [restartedMain] s.w.s.m.m.a.RequestMappingHandlerMapping : Mapped "{[/api/notesbyhql],methods=[GET]}" onto public java.util.List<com.example.easynotes.model.Note> com.example.easynotes.controller.NoteController.getAllontesHql()
2018-02-20 14:27:18.870  INFO 16724 --- [restartedMain] s.w.s.m.m.a.RequestMappingHandlerMapping : Mapped "{[/api/notes/{id}],methods=[PUT]}" onto public org.springframework.http.ResponseEntity<com.example.easynotes.model.Note> com.example.easynotes.controller.NoteController.updateNote(java.lang.Long,com.example.easynotes.model.Note)
2018-02-20 14:27:18.870  INFO 16724 --- [restartedMain] s.w.s.m.m.a.RequestMappingHandlerMapping : Mapped "{[/api/notes/{id}],methods=[GET]}" onto public java.util.List<com.example.easynotes.model.Note> com.example.easynotes.controller.NoteController.getNoteById(java.lang.Long)
2018-02-20 14:27:18.870  INFO 16724 --- [restartedMain] s.w.s.m.m.a.RequestMappingHandlerMapping : Mapped "{[/api/notes],methods=[POST]}" onto public com.example.easynotes.model.Note com.example.easynotes.controller.NoteController.createNote(com.example.easynotes.model.Note)
2018-02-20 14:27:18.870  INFO 16724 --- [restartedMain] s.w.s.m.m.a.RequestMappingHandlerMapping : Mapped "{[/api/notes],methods=[GET]}" onto public java.util.List<com.example.easynotes.model.Note> com.example.easynotes.controller.NoteController.getAllNotes()
2018-02-20 14:27:18.870  INFO 16724 --- [restartedMain] s.w.s.m.m.a.RequestMappingHandlerMapping : Mapped "{[/api/notesbyidhql/{id}],methods=[GET]}" onto public java.util.List<com.example.easynotes.model.Note> com.example.easynotes.controller.NoteController.findNotesByIdHql(java.lang.String)
2018-02-20 14:27:18.870  INFO 16724 --- [restartedMain] s.w.s.m.m.a.RequestMappingHandlerMapping : Mapped "{[/error]}" onto public org.springframework.http.ResponseEntity<java.util.Map<java.lang.String, java.lang.Object>> org.springframework.boot.autoconfigure.web.BasicErrorController.error(javax.servlet.http.HttpServletRequest)
2018-02-20 14:27:18.870  INFO 16724 --- [restartedMain] s.w.s.m.m.a.RequestMappingHandlerMapping : Mapped "{[/error],produces=[text/html]}" onto public org.springframework.web.servlet.ModelAndView org.springframework.boot.autoconfigure.web.BasicErrorController.errorHtml(javax.servlet.http.HttpServletRequest,javax.servlet.http.HttpServletResponse)
2018-02-20 14:27:18.878  INFO 16724 --- [restartedMain] o.s.w.s.handler.SimpleUrlHandlerMapping  : Mapped URL path [/webjars/**] onto handler of type [class org.springframework.web.servlet.resource.ResourceHttpRequestHandler]
2018-02-20 14:27:18.878  INFO 16724 --- [restartedMain] o.s.w.s.handler.SimpleUrlHandlerMapping  : Mapped URL path [/**] onto handler of type [class org.springframework.web.servlet.resource.ResourceHttpRequestHandler]
2018-02-20 14:27:18.890  INFO 16724 --- [restartedMain] o.s.w.s.handler.SimpleUrlHandlerMapping  : Mapped URL path [/**/favicon.ico] onto handler of type [class org.springframework.web.servlet.resource.ResourceHttpRequestHandler]
2018-02-20 14:27:18.954  INFO 16724 --- [restartedMain] o.s.b.d.a.OptionalLiveReloadServer       : LiveReload server is running on port 35729
2018-02-20 14:27:18.990  INFO 16724 --- [restartedMain] o.s.j.e.a.AnnotationMBeanExporter        : Registering beans for JMX exposure on startup
2018-02-20 14:27:19.014  INFO 16724 --- [restartedMain] s.b.c.e.t.TomcatEmbeddedServletContainer : Tomcat started on port(s): 8080 (http)
2018-02-20 14:27:19.014  INFO 16724 --- [restartedMain] c.e.easynotes.EasyNotesApplication       : Started EasyNotesApplication in 2.088 seconds (JVM running for 3973.198)
2018-02-20 14:27:30.152  INFO 16724 --- [http-nio-8080-exec-1] o.a.c.c.C.[Tomcat].[localhost].[/]       : Initializing Spring FrameworkServlet 'dispatcherServlet'
2018-02-20 14:27:30.154  INFO 16724 --- [http-nio-8080-exec-1] o.s.web.servlet.DispatcherServlet        : FrameworkServlet 'dispatcherServlet': initialization started
2018-02-20 14:27:30.156  INFO 16724 --- [http-nio-8080-exec-1] o.s.web.servlet.DispatcherServlet        : FrameworkServlet 'dispatcherServlet': initialization completed in 2 ms
2018-02-20 14:27:30.164 DEBUG 16724 --- [http-nio-8080-exec-1] org.hibernate.SQL                        : select this_.id as id1_0_0_, this_.content as content2_0_0_, this_.created_at as created_3_0_0_, this_.title as title4_0_0_, this_.updated_at as updated_5_0_0_ from notes this_ where this_.title=?
2018-02-20 14:27:30.164 TRACE 16724 --- [http-nio-8080-exec-1] o.h.type.descriptor.sql.BasicBinder      : binding parameter [1] as [VARCHAR] - [test title1]
2018-02-20 14:27:30.168 TRACE 16724 --- [http-nio-8080-exec-1] o.h.type.descriptor.sql.BasicExtractor   : extracted value ([id1_0_0_] : [BIGINT]) - [13]
2018-02-20 14:27:30.168 TRACE 16724 --- [http-nio-8080-exec-1] o.h.type.descriptor.sql.BasicExtractor   : extracted value ([content2_0_0_] : [VARCHAR]) - [test content3]
2018-02-20 14:27:30.168 TRACE 16724 --- [http-nio-8080-exec-1] o.h.type.descriptor.sql.BasicExtractor   : extracted value ([created_3_0_0_] : [TIMESTAMP]) - [2018-02-20 11:01:14.0]
2018-02-20 14:27:30.168 TRACE 16724 --- [http-nio-8080-exec-1] o.h.type.descriptor.sql.BasicExtractor   : extracted value ([title4_0_0_] : [VARCHAR]) - [test title1]
2018-02-20 14:27:30.168 TRACE 16724 --- [http-nio-8080-exec-1] o.h.type.descriptor.sql.BasicExtractor   : extracted value ([updated_5_0_0_] : [TIMESTAMP]) - [2018-02-20 11:01:14.0]
2018-02-20 14:27:30.168 TRACE 16724 --- [http-nio-8080-exec-1] o.h.type.descriptor.sql.BasicExtractor   : extracted value ([id1_0_0_] : [BIGINT]) - [22]
2018-02-20 14:27:30.168 TRACE 16724 --- [http-nio-8080-exec-1] o.h.type.descriptor.sql.BasicExtractor   : extracted value ([content2_0_0_] : [VARCHAR]) - [test content1]
2018-02-20 14:27:30.168 TRACE 16724 --- [http-nio-8080-exec-1] o.h.type.descriptor.sql.BasicExtractor   : extracted value ([created_3_0_0_] : [TIMESTAMP]) - [2018-02-20 11:02:07.0]
2018-02-20 14:27:30.168 TRACE 16724 --- [http-nio-8080-exec-1] o.h.type.descriptor.sql.BasicExtractor   : extracted value ([title4_0_0_] : [VARCHAR]) - [test title1]
2018-02-20 14:27:30.168 TRACE 16724 --- [http-nio-8080-exec-1] o.h.type.descriptor.sql.BasicExtractor   : extracted value ([updated_5_0_0_] : [TIMESTAMP]) - [2018-02-20 11:02:07.0]
2018-02-20 14:27:30.168 TRACE 16724 --- [http-nio-8080-exec-1] o.h.type.descriptor.sql.BasicExtractor   : extracted value ([id1_0_0_] : [BIGINT]) - [23]
2018-02-20 14:27:30.168 TRACE 16724 --- [http-nio-8080-exec-1] o.h.type.descriptor.sql.BasicExtractor   : extracted value ([content2_0_0_] : [VARCHAR]) - [test content2]
2018-02-20 14:27:30.168 TRACE 16724 --- [http-nio-8080-exec-1] o.h.type.descriptor.sql.BasicExtractor   : extracted value ([created_3_0_0_] : [TIMESTAMP]) - [2018-02-20 11:02:11.0]
2018-02-20 14:27:30.168 TRACE 16724 --- [http-nio-8080-exec-1] o.h.type.descriptor.sql.BasicExtractor   : extracted value ([title4_0_0_] : [VARCHAR]) - [test title1]
2018-02-20 14:27:30.168 TRACE 16724 --- [http-nio-8080-exec-1] o.h.type.descriptor.sql.BasicExtractor   : extracted value ([updated_5_0_0_] : [TIMESTAMP]) - [2018-02-20 11:02:11.0]
2018-02-20 14:27:30.168 TRACE 16724 --- [http-nio-8080-exec-1] o.h.type.descriptor.sql.BasicExtractor   : extracted value ([id1_0_0_] : [BIGINT]) - [24]
2018-02-20 14:27:30.168 TRACE 16724 --- [http-nio-8080-exec-1] o.h.type.descriptor.sql.BasicExtractor   : extracted value ([content2_0_0_] : [VARCHAR]) - [test content4]
2018-02-20 14:27:30.168 TRACE 16724 --- [http-nio-8080-exec-1] o.h.type.descriptor.sql.BasicExtractor   : extracted value ([created_3_0_0_] : [TIMESTAMP]) - [2018-02-20 11:02:16.0]
2018-02-20 14:27:30.168 TRACE 16724 --- [http-nio-8080-exec-1] o.h.type.descriptor.sql.BasicExtractor   : extracted value ([title4_0_0_] : [VARCHAR]) - [test title1]
2018-02-20 14:27:30.168 TRACE 16724 --- [http-nio-8080-exec-1] o.h.type.descriptor.sql.BasicExtractor   : extracted value ([updated_5_0_0_] : [TIMESTAMP]) - [2018-02-20 11:02:16.0]
2018-02-20 14:27:30.168 TRACE 16724 --- [http-nio-8080-exec-1] o.h.type.descriptor.sql.BasicExtractor   : extracted value ([id1_0_0_] : [BIGINT]) - [25]
2018-02-20 14:27:30.172 TRACE 16724 --- [http-nio-8080-exec-1] o.h.type.descriptor.sql.BasicExtractor   : extracted value ([content2_0_0_] : [VARCHAR]) - [test content5]
2018-02-20 14:27:30.172 TRACE 16724 --- [http-nio-8080-exec-1] o.h.type.descriptor.sql.BasicExtractor   : extracted value ([created_3_0_0_] : [TIMESTAMP]) - [2018-02-20 11:02:21.0]
2018-02-20 14:27:30.172 TRACE 16724 --- [http-nio-8080-exec-1] o.h.type.descriptor.sql.BasicExtractor   : extracted value ([title4_0_0_] : [VARCHAR]) - [test title1]
2018-02-20 14:27:30.172 TRACE 16724 --- [http-nio-8080-exec-1] o.h.type.descriptor.sql.BasicExtractor   : extracted value ([updated_5_0_0_] : [TIMESTAMP]) - [2018-02-20 11:02:21.0]
2018-02-20 14:27:30.172 TRACE 16724 --- [http-nio-8080-exec-1] o.h.type.descriptor.sql.BasicExtractor   : extracted value ([id1_0_0_] : [BIGINT]) - [26]
2018-02-20 14:27:30.172 TRACE 16724 --- [http-nio-8080-exec-1] o.h.type.descriptor.sql.BasicExtractor   : extracted value ([content2_0_0_] : [VARCHAR]) - [test content6]
2018-02-20 14:27:30.172 TRACE 16724 --- [http-nio-8080-exec-1] o.h.type.descriptor.sql.BasicExtractor   : extracted value ([created_3_0_0_] : [TIMESTAMP]) - [2018-02-20 11:02:25.0]
2018-02-20 14:27:30.172 TRACE 16724 --- [http-nio-8080-exec-1] o.h.type.descriptor.sql.BasicExtractor   : extracted value ([title4_0_0_] : [VARCHAR]) - [test title1]
2018-02-20 14:27:30.172 TRACE 16724 --- [http-nio-8080-exec-1] o.h.type.descriptor.sql.BasicExtractor   : extracted value ([updated_5_0_0_] : [TIMESTAMP]) - [2018-02-20 11:02:25.0]
2018-02-20 14:27:30.172 TRACE 16724 --- [http-nio-8080-exec-1] o.h.type.descriptor.sql.BasicExtractor   : extracted value ([id1_0_0_] : [BIGINT]) - [27]
2018-02-20 14:27:30.172 TRACE 16724 --- [http-nio-8080-exec-1] o.h.type.descriptor.sql.BasicExtractor   : extracted value ([content2_0_0_] : [VARCHAR]) - [test content7]
2018-02-20 14:27:30.172 TRACE 16724 --- [http-nio-8080-exec-1] o.h.type.descriptor.sql.BasicExtractor   : extracted value ([created_3_0_0_] : [TIMESTAMP]) - [2018-02-20 11:02:29.0]
2018-02-20 14:27:30.172 TRACE 16724 --- [http-nio-8080-exec-1] o.h.type.descriptor.sql.BasicExtractor   : extracted value ([title4_0_0_] : [VARCHAR]) - [test title1]
2018-02-20 14:27:30.172 TRACE 16724 --- [http-nio-8080-exec-1] o.h.type.descriptor.sql.BasicExtractor   : extracted value ([updated_5_0_0_] : [TIMESTAMP]) - [2018-02-20 11:02:29.0]
2018-02-20 14:27:30.172 TRACE 16724 --- [http-nio-8080-exec-1] o.h.type.descriptor.sql.BasicExtractor   : extracted value ([id1_0_0_] : [BIGINT]) - [28]
2018-02-20 14:27:30.172 TRACE 16724 --- [http-nio-8080-exec-1] o.h.type.descriptor.sql.BasicExtractor   : extracted value ([content2_0_0_] : [VARCHAR]) - [test content8]
2018-02-20 14:27:30.172 TRACE 16724 --- [http-nio-8080-exec-1] o.h.type.descriptor.sql.BasicExtractor   : extracted value ([created_3_0_0_] : [TIMESTAMP]) - [2018-02-20 11:02:36.0]
2018-02-20 14:27:30.172 TRACE 16724 --- [http-nio-8080-exec-1] o.h.type.descriptor.sql.BasicExtractor   : extracted value ([title4_0_0_] : [VARCHAR]) - [test title1]
2018-02-20 14:27:30.172 TRACE 16724 --- [http-nio-8080-exec-1] o.h.type.descriptor.sql.BasicExtractor   : extracted value ([updated_5_0_0_] : [TIMESTAMP]) - [2018-02-20 11:02:36.0]
2018-02-20 14:27:30.172 TRACE 16724 --- [http-nio-8080-exec-1] o.h.type.descriptor.sql.BasicExtractor   : extracted value ([id1_0_0_] : [BIGINT]) - [29]
2018-02-20 14:27:30.172 TRACE 16724 --- [http-nio-8080-exec-1] o.h.type.descriptor.sql.BasicExtractor   : extracted value ([content2_0_0_] : [VARCHAR]) - [test content9]
2018-02-20 14:27:30.172 TRACE 16724 --- [http-nio-8080-exec-1] o.h.type.descriptor.sql.BasicExtractor   : extracted value ([created_3_0_0_] : [TIMESTAMP]) - [2018-02-20 11:02:41.0]
2018-02-20 14:27:30.172 TRACE 16724 --- [http-nio-8080-exec-1] o.h.type.descriptor.sql.BasicExtractor   : extracted value ([title4_0_0_] : [VARCHAR]) - [test title1]
2018-02-20 14:27:30.172 TRACE 16724 --- [http-nio-8080-exec-1] o.h.type.descriptor.sql.BasicExtractor   : extracted value ([updated_5_0_0_] : [TIMESTAMP]) - [2018-02-20 11:02:41.0]
2018-02-20 14:27:30.176 DEBUG 16724 --- [http-nio-8080-exec-1] o.h.s.internal.ConcurrentStatisticsImpl  : HHH000117: HQL: [CRITERIA] select this_.id as id1_0_0_, this_.content as content2_0_0_, this_.created_at as created_3_0_0_, this_.title as title4_0_0_, this_.updated_at as updated_5_0_0_ from notes this_ where this_.title=?, time: 10ms, rows: 9
2018-02-20 14:27:30.180  INFO 16724 --- [http-nio-8080-exec-1] i.StatisticalLoggingSessionEventListener : Session Metrics {
    614243 nanoseconds spent acquiring 1 JDBC connections;
    0 nanoseconds spent releasing 0 JDBC connections;
    794253 nanoseconds spent preparing 1 JDBC statements;
    510028 nanoseconds spent executing 1 JDBC statements;
    0 nanoseconds spent executing 0 JDBC batches;
    0 nanoseconds spent performing 0 L2C puts;
    0 nanoseconds spent performing 0 L2C hits;
    0 nanoseconds spent performing 0 L2C misses;
    0 nanoseconds spent executing 0 flushes (flushing a total of 0 entities and 0 collections);
    0 nanoseconds spent executing 0 partial-flushes (flushing a total of 0 entities and 0 collections)
}
2018-02-20 14:29:01.895  INFO 16724 --- [Thread-103] ationConfigEmbeddedWebApplicationContext : Closing org.springframework.boot.context.embedded.AnnotationConfigEmbeddedWebApplicationContext@659bcb9: startup date [Tue Feb 20 14:27:17 CST 2018]; root of context hierarchy
2018-02-20 14:29:01.897  INFO 16724 --- [Thread-103] o.s.j.e.a.AnnotationMBeanExporter        : Unregistering JMX-exposed beans on shutdown
2018-02-20 14:29:01.897  INFO 16724 --- [Thread-103] j.LocalContainerEntityManagerFactoryBean : Closing JPA EntityManagerFactory for persistence unit 'default'
2018-02-20 14:30:11.472  INFO 16724 --- [restartedMain] c.e.easynotes.EasyNotesApplication       : Starting EasyNotesApplication on USCHISREGURI0 with PID 16724 (started by sreguri in C:\Users\sreguri\Sample Project\spring-boot-mysql-rest-api-tutorial)
2018-02-20 14:30:11.476  INFO 16724 --- [restartedMain] c.e.easynotes.EasyNotesApplication       : No active profile set, falling back to default profiles: default
2018-02-20 14:30:11.476  INFO 16724 --- [restartedMain] ationConfigEmbeddedWebApplicationContext : Refreshing org.springframework.boot.context.embedded.AnnotationConfigEmbeddedWebApplicationContext@79b132ce: startup date [Tue Feb 20 14:30:11 CST 2018]; root of context hierarchy
2018-02-20 14:30:12.840  INFO 16724 --- [restartedMain] s.b.c.e.t.TomcatEmbeddedServletContainer : Tomcat initialized with port(s): 8080 (http)
2018-02-20 14:30:12.844  INFO 16724 --- [restartedMain] o.apache.catalina.core.StandardService   : Starting service [Tomcat]
2018-02-20 14:30:12.844  INFO 16724 --- [restartedMain] org.apache.catalina.core.StandardEngine  : Starting Servlet Engine: Apache Tomcat/8.5.15
2018-02-20 14:30:12.877  INFO 16724 --- [localhost-startStop-1] o.a.c.c.C.[Tomcat].[localhost].[/]       : Initializing Spring embedded WebApplicationContext
2018-02-20 14:30:12.881  INFO 16724 --- [localhost-startStop-1] o.s.web.context.ContextLoader            : Root WebApplicationContext: initialization completed in 1405 ms
2018-02-20 14:30:12.913  INFO 16724 --- [localhost-startStop-1] o.s.b.w.servlet.ServletRegistrationBean  : Mapping servlet: 'dispatcherServlet' to [/]
2018-02-20 14:30:12.917  INFO 16724 --- [localhost-startStop-1] o.s.b.w.servlet.FilterRegistrationBean   : Mapping filter: 'characterEncodingFilter' to: [/*]
2018-02-20 14:30:12.917  INFO 16724 --- [localhost-startStop-1] o.s.b.w.servlet.FilterRegistrationBean   : Mapping filter: 'hiddenHttpMethodFilter' to: [/*]
2018-02-20 14:30:12.917  INFO 16724 --- [localhost-startStop-1] o.s.b.w.servlet.FilterRegistrationBean   : Mapping filter: 'httpPutFormContentFilter' to: [/*]
2018-02-20 14:30:12.917  INFO 16724 --- [localhost-startStop-1] o.s.b.w.servlet.FilterRegistrationBean   : Mapping filter: 'requestContextFilter' to: [/*]
2018-02-20 14:30:13.109  INFO 16724 --- [restartedMain] j.LocalContainerEntityManagerFactoryBean : Building JPA container EntityManagerFactory for persistence unit 'default'
2018-02-20 14:30:13.109  INFO 16724 --- [restartedMain] o.hibernate.jpa.internal.util.LogHelper  : HHH000204: Processing PersistenceUnitInfo [
	name: default
	...]
2018-02-20 14:30:13.129  INFO 16724 --- [restartedMain] org.hibernate.dialect.Dialect            : HHH000400: Using dialect: org.hibernate.dialect.MySQL5Dialect
2018-02-20 14:30:13.133  INFO 16724 --- [restartedMain] o.h.e.j.e.i.LobCreatorBuilderImpl        : HHH000423: Disabling contextual LOB creation as JDBC driver reported JDBC version [3] less than 4
2018-02-20 14:30:13.153  INFO 16724 --- [restartedMain] org.hibernate.tool.hbm2ddl.SchemaUpdate  : HHH000228: Running hbm2ddl schema update
2018-02-20 14:30:13.169  INFO 16724 --- [restartedMain] j.LocalContainerEntityManagerFactoryBean : Initialized JPA EntityManagerFactory for persistence unit 'default'
2018-02-20 14:30:13.201 DEBUG 16724 --- [restartedMain] o.h.stat.internal.StatisticsInitiator    : Statistics initialized [enabled=true]
2018-02-20 14:30:13.205  INFO 16724 --- [restartedMain] i.StatisticalLoggingSessionEventListener : Session Metrics {
    0 nanoseconds spent acquiring 0 JDBC connections;
    0 nanoseconds spent releasing 0 JDBC connections;
    0 nanoseconds spent preparing 0 JDBC statements;
    0 nanoseconds spent executing 0 JDBC statements;
    0 nanoseconds spent executing 0 JDBC batches;
    0 nanoseconds spent performing 0 L2C puts;
    0 nanoseconds spent performing 0 L2C hits;
    0 nanoseconds spent performing 0 L2C misses;
    0 nanoseconds spent executing 0 flushes (flushing a total of 0 entities and 0 collections);
    0 nanoseconds spent executing 0 partial-flushes (flushing a total of 0 entities and 0 collections)
}
2018-02-20 14:30:13.205  INFO 16724 --- [restartedMain] i.StatisticalLoggingSessionEventListener : Session Metrics {
    0 nanoseconds spent acquiring 0 JDBC connections;
    0 nanoseconds spent releasing 0 JDBC connections;
    0 nanoseconds spent preparing 0 JDBC statements;
    0 nanoseconds spent executing 0 JDBC statements;
    0 nanoseconds spent executing 0 JDBC batches;
    0 nanoseconds spent performing 0 L2C puts;
    0 nanoseconds spent performing 0 L2C hits;
    0 nanoseconds spent performing 0 L2C misses;
    0 nanoseconds spent executing 0 flushes (flushing a total of 0 entities and 0 collections);
    0 nanoseconds spent executing 0 partial-flushes (flushing a total of 0 entities and 0 collections)
}
2018-02-20 14:30:13.205  INFO 16724 --- [restartedMain] i.StatisticalLoggingSessionEventListener : Session Metrics {
    0 nanoseconds spent acquiring 0 JDBC connections;
    0 nanoseconds spent releasing 0 JDBC connections;
    0 nanoseconds spent preparing 0 JDBC statements;
    0 nanoseconds spent executing 0 JDBC statements;
    0 nanoseconds spent executing 0 JDBC batches;
    0 nanoseconds spent performing 0 L2C puts;
    0 nanoseconds spent performing 0 L2C hits;
    0 nanoseconds spent performing 0 L2C misses;
    0 nanoseconds spent executing 0 flushes (flushing a total of 0 entities and 0 collections);
    0 nanoseconds spent executing 0 partial-flushes (flushing a total of 0 entities and 0 collections)
}
2018-02-20 14:30:13.209  INFO 16724 --- [restartedMain] o.h.h.i.QueryTranslatorFactoryInitiator  : HHH000397: Using ASTQueryTranslatorFactory
2018-02-20 14:30:13.209  INFO 16724 --- [restartedMain] i.StatisticalLoggingSessionEventListener : Session Metrics {
    0 nanoseconds spent acquiring 0 JDBC connections;
    0 nanoseconds spent releasing 0 JDBC connections;
    0 nanoseconds spent preparing 0 JDBC statements;
    0 nanoseconds spent executing 0 JDBC statements;
    0 nanoseconds spent executing 0 JDBC batches;
    0 nanoseconds spent performing 0 L2C puts;
    0 nanoseconds spent performing 0 L2C hits;
    0 nanoseconds spent performing 0 L2C misses;
    0 nanoseconds spent executing 0 flushes (flushing a total of 0 entities and 0 collections);
    0 nanoseconds spent executing 0 partial-flushes (flushing a total of 0 entities and 0 collections)
}
2018-02-20 14:30:13.213  INFO 16724 --- [restartedMain] i.StatisticalLoggingSessionEventListener : Session Metrics {
    0 nanoseconds spent acquiring 0 JDBC connections;
    0 nanoseconds spent releasing 0 JDBC connections;
    0 nanoseconds spent preparing 0 JDBC statements;
    0 nanoseconds spent executing 0 JDBC statements;
    0 nanoseconds spent executing 0 JDBC batches;
    0 nanoseconds spent performing 0 L2C puts;
    0 nanoseconds spent performing 0 L2C hits;
    0 nanoseconds spent performing 0 L2C misses;
    0 nanoseconds spent executing 0 flushes (flushing a total of 0 entities and 0 collections);
    0 nanoseconds spent executing 0 partial-flushes (flushing a total of 0 entities and 0 collections)
}
2018-02-20 14:30:13.217  INFO 16724 --- [restartedMain] i.StatisticalLoggingSessionEventListener : Session Metrics {
    0 nanoseconds spent acquiring 0 JDBC connections;
    0 nanoseconds spent releasing 0 JDBC connections;
    0 nanoseconds spent preparing 0 JDBC statements;
    0 nanoseconds spent executing 0 JDBC statements;
    0 nanoseconds spent executing 0 JDBC batches;
    0 nanoseconds spent performing 0 L2C puts;
    0 nanoseconds spent performing 0 L2C hits;
    0 nanoseconds spent performing 0 L2C misses;
    0 nanoseconds spent executing 0 flushes (flushing a total of 0 entities and 0 collections);
    0 nanoseconds spent executing 0 partial-flushes (flushing a total of 0 entities and 0 collections)
}
2018-02-20 14:30:13.309  INFO 16724 --- [restartedMain] s.w.s.m.m.a.RequestMappingHandlerAdapter : Looking for @ControllerAdvice: org.springframework.boot.context.embedded.AnnotationConfigEmbeddedWebApplicationContext@79b132ce: startup date [Tue Feb 20 14:30:11 CST 2018]; root of context hierarchy
2018-02-20 14:30:13.321  INFO 16724 --- [restartedMain] s.w.s.m.m.a.RequestMappingHandlerMapping : Mapped "{[/api/notesbycriteria],methods=[GET]}" onto public java.util.List<com.example.easynotes.model.Note> com.example.easynotes.controller.NoteController.getAllNotesCriteria()
2018-02-20 14:30:13.321  INFO 16724 --- [restartedMain] s.w.s.m.m.a.RequestMappingHandlerMapping : Mapped "{[/api/notesbynativesql],methods=[GET]}" onto public java.util.List<com.example.easynotes.model.Note> com.example.easynotes.controller.NoteController.getNotesByNativeSql()
2018-02-20 14:30:13.321  INFO 16724 --- [restartedMain] s.w.s.m.m.a.RequestMappingHandlerMapping : Mapped "{[/api/notes/{id}],methods=[DELETE]}" onto public org.springframework.http.ResponseEntity<com.example.easynotes.model.Note> com.example.easynotes.controller.NoteController.deleteNote(java.lang.Long)
2018-02-20 14:30:13.321  INFO 16724 --- [restartedMain] s.w.s.m.m.a.RequestMappingHandlerMapping : Mapped "{[/api/notesbyhql],methods=[GET]}" onto public java.util.List<com.example.easynotes.model.Note> com.example.easynotes.controller.NoteController.getAllontesHql()
2018-02-20 14:30:13.321  INFO 16724 --- [restartedMain] s.w.s.m.m.a.RequestMappingHandlerMapping : Mapped "{[/api/notes/{id}],methods=[PUT]}" onto public org.springframework.http.ResponseEntity<com.example.easynotes.model.Note> com.example.easynotes.controller.NoteController.updateNote(java.lang.Long,com.example.easynotes.model.Note)
2018-02-20 14:30:13.321  INFO 16724 --- [restartedMain] s.w.s.m.m.a.RequestMappingHandlerMapping : Mapped "{[/api/notes/{id}],methods=[GET]}" onto public java.util.List<com.example.easynotes.model.Note> com.example.easynotes.controller.NoteController.getNoteById(java.lang.Long)
2018-02-20 14:30:13.321  INFO 16724 --- [restartedMain] s.w.s.m.m.a.RequestMappingHandlerMapping : Mapped "{[/api/notes],methods=[POST]}" onto public com.example.easynotes.model.Note com.example.easynotes.controller.NoteController.createNote(com.example.easynotes.model.Note)
2018-02-20 14:30:13.321  INFO 16724 --- [restartedMain] s.w.s.m.m.a.RequestMappingHandlerMapping : Mapped "{[/api/notes],methods=[GET]}" onto public java.util.List<com.example.easynotes.model.Note> com.example.easynotes.controller.NoteController.getAllNotes()
2018-02-20 14:30:13.321  INFO 16724 --- [restartedMain] s.w.s.m.m.a.RequestMappingHandlerMapping : Mapped "{[/api/notesbyidhql/{id}],methods=[GET]}" onto public java.util.List<com.example.easynotes.model.Note> com.example.easynotes.controller.NoteController.findNotesByIdHql(java.lang.String)
2018-02-20 14:30:13.325  INFO 16724 --- [restartedMain] s.w.s.m.m.a.RequestMappingHandlerMapping : Mapped "{[/error]}" onto public org.springframework.http.ResponseEntity<java.util.Map<java.lang.String, java.lang.Object>> org.springframework.boot.autoconfigure.web.BasicErrorController.error(javax.servlet.http.HttpServletRequest)
2018-02-20 14:30:13.325  INFO 16724 --- [restartedMain] s.w.s.m.m.a.RequestMappingHandlerMapping : Mapped "{[/error],produces=[text/html]}" onto public org.springframework.web.servlet.ModelAndView org.springframework.boot.autoconfigure.web.BasicErrorController.errorHtml(javax.servlet.http.HttpServletRequest,javax.servlet.http.HttpServletResponse)
2018-02-20 14:30:13.333  INFO 16724 --- [restartedMain] o.s.w.s.handler.SimpleUrlHandlerMapping  : Mapped URL path [/webjars/**] onto handler of type [class org.springframework.web.servlet.resource.ResourceHttpRequestHandler]
2018-02-20 14:30:13.333  INFO 16724 --- [restartedMain] o.s.w.s.handler.SimpleUrlHandlerMapping  : Mapped URL path [/**] onto handler of type [class org.springframework.web.servlet.resource.ResourceHttpRequestHandler]
2018-02-20 14:30:13.345  INFO 16724 --- [restartedMain] o.s.w.s.handler.SimpleUrlHandlerMapping  : Mapped URL path [/**/favicon.ico] onto handler of type [class org.springframework.web.servlet.resource.ResourceHttpRequestHandler]
2018-02-20 14:30:13.401  INFO 16724 --- [restartedMain] o.s.b.d.a.OptionalLiveReloadServer       : LiveReload server is running on port 35729
2018-02-20 14:30:13.441  INFO 16724 --- [restartedMain] o.s.j.e.a.AnnotationMBeanExporter        : Registering beans for JMX exposure on startup
2018-02-20 14:30:13.461  INFO 16724 --- [restartedMain] s.b.c.e.t.TomcatEmbeddedServletContainer : Tomcat started on port(s): 8080 (http)
2018-02-20 14:30:13.461  INFO 16724 --- [restartedMain] c.e.easynotes.EasyNotesApplication       : Started EasyNotesApplication in 2.057 seconds (JVM running for 4147.645)
2018-02-20 14:30:27.678  INFO 16724 --- [http-nio-8080-exec-1] o.a.c.c.C.[Tomcat].[localhost].[/]       : Initializing Spring FrameworkServlet 'dispatcherServlet'
2018-02-20 14:30:27.682  INFO 16724 --- [http-nio-8080-exec-1] o.s.web.servlet.DispatcherServlet        : FrameworkServlet 'dispatcherServlet': initialization started
2018-02-20 14:30:27.683  INFO 16724 --- [http-nio-8080-exec-1] o.s.web.servlet.DispatcherServlet        : FrameworkServlet 'dispatcherServlet': initialization completed in 0 ms
2018-02-20 14:30:27.687 DEBUG 16724 --- [http-nio-8080-exec-1] org.hibernate.SQL                        : select this_.id as id1_0_0_, this_.content as content2_0_0_, this_.created_at as created_3_0_0_, this_.title as title4_0_0_, this_.updated_at as updated_5_0_0_ from notes this_ where this_.title=?
2018-02-20 14:30:27.691 TRACE 16724 --- [http-nio-8080-exec-1] o.h.type.descriptor.sql.BasicBinder      : binding parameter [1] as [VARCHAR] - [test title1]
2018-02-20 14:30:27.691 TRACE 16724 --- [http-nio-8080-exec-1] o.h.type.descriptor.sql.BasicExtractor   : extracted value ([id1_0_0_] : [BIGINT]) - [13]
2018-02-20 14:30:27.691 TRACE 16724 --- [http-nio-8080-exec-1] o.h.type.descriptor.sql.BasicExtractor   : extracted value ([content2_0_0_] : [VARCHAR]) - [test content3]
2018-02-20 14:30:27.691 TRACE 16724 --- [http-nio-8080-exec-1] o.h.type.descriptor.sql.BasicExtractor   : extracted value ([created_3_0_0_] : [TIMESTAMP]) - [2018-02-20 11:01:14.0]
2018-02-20 14:30:27.691 TRACE 16724 --- [http-nio-8080-exec-1] o.h.type.descriptor.sql.BasicExtractor   : extracted value ([title4_0_0_] : [VARCHAR]) - [test title1]
2018-02-20 14:30:27.691 TRACE 16724 --- [http-nio-8080-exec-1] o.h.type.descriptor.sql.BasicExtractor   : extracted value ([updated_5_0_0_] : [TIMESTAMP]) - [2018-02-20 11:01:14.0]
2018-02-20 14:30:27.691 TRACE 16724 --- [http-nio-8080-exec-1] o.h.type.descriptor.sql.BasicExtractor   : extracted value ([id1_0_0_] : [BIGINT]) - [22]
2018-02-20 14:30:27.691 TRACE 16724 --- [http-nio-8080-exec-1] o.h.type.descriptor.sql.BasicExtractor   : extracted value ([content2_0_0_] : [VARCHAR]) - [test content1]
2018-02-20 14:30:27.691 TRACE 16724 --- [http-nio-8080-exec-1] o.h.type.descriptor.sql.BasicExtractor   : extracted value ([created_3_0_0_] : [TIMESTAMP]) - [2018-02-20 11:02:07.0]
2018-02-20 14:30:27.691 TRACE 16724 --- [http-nio-8080-exec-1] o.h.type.descriptor.sql.BasicExtractor   : extracted value ([title4_0_0_] : [VARCHAR]) - [test title1]
2018-02-20 14:30:27.691 TRACE 16724 --- [http-nio-8080-exec-1] o.h.type.descriptor.sql.BasicExtractor   : extracted value ([updated_5_0_0_] : [TIMESTAMP]) - [2018-02-20 11:02:07.0]
2018-02-20 14:30:27.691 TRACE 16724 --- [http-nio-8080-exec-1] o.h.type.descriptor.sql.BasicExtractor   : extracted value ([id1_0_0_] : [BIGINT]) - [23]
2018-02-20 14:30:27.691 TRACE 16724 --- [http-nio-8080-exec-1] o.h.type.descriptor.sql.BasicExtractor   : extracted value ([content2_0_0_] : [VARCHAR]) - [test content2]
2018-02-20 14:30:27.691 TRACE 16724 --- [http-nio-8080-exec-1] o.h.type.descriptor.sql.BasicExtractor   : extracted value ([created_3_0_0_] : [TIMESTAMP]) - [2018-02-20 11:02:11.0]
2018-02-20 14:30:27.691 TRACE 16724 --- [http-nio-8080-exec-1] o.h.type.descriptor.sql.BasicExtractor   : extracted value ([title4_0_0_] : [VARCHAR]) - [test title1]
2018-02-20 14:30:27.691 TRACE 16724 --- [http-nio-8080-exec-1] o.h.type.descriptor.sql.BasicExtractor   : extracted value ([updated_5_0_0_] : [TIMESTAMP]) - [2018-02-20 11:02:11.0]
2018-02-20 14:30:27.691 TRACE 16724 --- [http-nio-8080-exec-1] o.h.type.descriptor.sql.BasicExtractor   : extracted value ([id1_0_0_] : [BIGINT]) - [24]
2018-02-20 14:30:27.691 TRACE 16724 --- [http-nio-8080-exec-1] o.h.type.descriptor.sql.BasicExtractor   : extracted value ([content2_0_0_] : [VARCHAR]) - [test content4]
2018-02-20 14:30:27.691 TRACE 16724 --- [http-nio-8080-exec-1] o.h.type.descriptor.sql.BasicExtractor   : extracted value ([created_3_0_0_] : [TIMESTAMP]) - [2018-02-20 11:02:16.0]
2018-02-20 14:30:27.691 TRACE 16724 --- [http-nio-8080-exec-1] o.h.type.descriptor.sql.BasicExtractor   : extracted value ([title4_0_0_] : [VARCHAR]) - [test title1]
2018-02-20 14:30:27.691 TRACE 16724 --- [http-nio-8080-exec-1] o.h.type.descriptor.sql.BasicExtractor   : extracted value ([updated_5_0_0_] : [TIMESTAMP]) - [2018-02-20 11:02:16.0]
2018-02-20 14:30:27.691 TRACE 16724 --- [http-nio-8080-exec-1] o.h.type.descriptor.sql.BasicExtractor   : extracted value ([id1_0_0_] : [BIGINT]) - [25]
2018-02-20 14:30:27.691 TRACE 16724 --- [http-nio-8080-exec-1] o.h.type.descriptor.sql.BasicExtractor   : extracted value ([content2_0_0_] : [VARCHAR]) - [test content5]
2018-02-20 14:30:27.691 TRACE 16724 --- [http-nio-8080-exec-1] o.h.type.descriptor.sql.BasicExtractor   : extracted value ([created_3_0_0_] : [TIMESTAMP]) - [2018-02-20 11:02:21.0]
2018-02-20 14:30:27.691 TRACE 16724 --- [http-nio-8080-exec-1] o.h.type.descriptor.sql.BasicExtractor   : extracted value ([title4_0_0_] : [VARCHAR]) - [test title1]
2018-02-20 14:30:27.691 TRACE 16724 --- [http-nio-8080-exec-1] o.h.type.descriptor.sql.BasicExtractor   : extracted value ([updated_5_0_0_] : [TIMESTAMP]) - [2018-02-20 11:02:21.0]
2018-02-20 14:30:27.691 TRACE 16724 --- [http-nio-8080-exec-1] o.h.type.descriptor.sql.BasicExtractor   : extracted value ([id1_0_0_] : [BIGINT]) - [26]
2018-02-20 14:30:27.691 TRACE 16724 --- [http-nio-8080-exec-1] o.h.type.descriptor.sql.BasicExtractor   : extracted value ([content2_0_0_] : [VARCHAR]) - [test content6]
2018-02-20 14:30:27.691 TRACE 16724 --- [http-nio-8080-exec-1] o.h.type.descriptor.sql.BasicExtractor   : extracted value ([created_3_0_0_] : [TIMESTAMP]) - [2018-02-20 11:02:25.0]
2018-02-20 14:30:27.691 TRACE 16724 --- [http-nio-8080-exec-1] o.h.type.descriptor.sql.BasicExtractor   : extracted value ([title4_0_0_] : [VARCHAR]) - [test title1]
2018-02-20 14:30:27.691 TRACE 16724 --- [http-nio-8080-exec-1] o.h.type.descriptor.sql.BasicExtractor   : extracted value ([updated_5_0_0_] : [TIMESTAMP]) - [2018-02-20 11:02:25.0]
2018-02-20 14:30:27.691 TRACE 16724 --- [http-nio-8080-exec-1] o.h.type.descriptor.sql.BasicExtractor   : extracted value ([id1_0_0_] : [BIGINT]) - [27]
2018-02-20 14:30:27.691 TRACE 16724 --- [http-nio-8080-exec-1] o.h.type.descriptor.sql.BasicExtractor   : extracted value ([content2_0_0_] : [VARCHAR]) - [test content7]
2018-02-20 14:30:27.695 TRACE 16724 --- [http-nio-8080-exec-1] o.h.type.descriptor.sql.BasicExtractor   : extracted value ([created_3_0_0_] : [TIMESTAMP]) - [2018-02-20 11:02:29.0]
2018-02-20 14:30:27.695 TRACE 16724 --- [http-nio-8080-exec-1] o.h.type.descriptor.sql.BasicExtractor   : extracted value ([title4_0_0_] : [VARCHAR]) - [test title1]
2018-02-20 14:30:27.695 TRACE 16724 --- [http-nio-8080-exec-1] o.h.type.descriptor.sql.BasicExtractor   : extracted value ([updated_5_0_0_] : [TIMESTAMP]) - [2018-02-20 11:02:29.0]
2018-02-20 14:30:27.695 TRACE 16724 --- [http-nio-8080-exec-1] o.h.type.descriptor.sql.BasicExtractor   : extracted value ([id1_0_0_] : [BIGINT]) - [28]
2018-02-20 14:30:27.695 TRACE 16724 --- [http-nio-8080-exec-1] o.h.type.descriptor.sql.BasicExtractor   : extracted value ([content2_0_0_] : [VARCHAR]) - [test content8]
2018-02-20 14:30:27.695 TRACE 16724 --- [http-nio-8080-exec-1] o.h.type.descriptor.sql.BasicExtractor   : extracted value ([created_3_0_0_] : [TIMESTAMP]) - [2018-02-20 11:02:36.0]
2018-02-20 14:30:27.695 TRACE 16724 --- [http-nio-8080-exec-1] o.h.type.descriptor.sql.BasicExtractor   : extracted value ([title4_0_0_] : [VARCHAR]) - [test title1]
2018-02-20 14:30:27.695 TRACE 16724 --- [http-nio-8080-exec-1] o.h.type.descriptor.sql.BasicExtractor   : extracted value ([updated_5_0_0_] : [TIMESTAMP]) - [2018-02-20 11:02:36.0]
2018-02-20 14:30:27.695 TRACE 16724 --- [http-nio-8080-exec-1] o.h.type.descriptor.sql.BasicExtractor   : extracted value ([id1_0_0_] : [BIGINT]) - [29]
2018-02-20 14:30:27.695 TRACE 16724 --- [http-nio-8080-exec-1] o.h.type.descriptor.sql.BasicExtractor   : extracted value ([content2_0_0_] : [VARCHAR]) - [test content9]
2018-02-20 14:30:27.695 TRACE 16724 --- [http-nio-8080-exec-1] o.h.type.descriptor.sql.BasicExtractor   : extracted value ([created_3_0_0_] : [TIMESTAMP]) - [2018-02-20 11:02:41.0]
2018-02-20 14:30:27.695 TRACE 16724 --- [http-nio-8080-exec-1] o.h.type.descriptor.sql.BasicExtractor   : extracted value ([title4_0_0_] : [VARCHAR]) - [test title1]
2018-02-20 14:30:27.695 TRACE 16724 --- [http-nio-8080-exec-1] o.h.type.descriptor.sql.BasicExtractor   : extracted value ([updated_5_0_0_] : [TIMESTAMP]) - [2018-02-20 11:02:41.0]
2018-02-20 14:30:27.695 DEBUG 16724 --- [http-nio-8080-exec-1] o.h.s.internal.ConcurrentStatisticsImpl  : HHH000117: HQL: [CRITERIA] select this_.id as id1_0_0_, this_.content as content2_0_0_, this_.created_at as created_3_0_0_, this_.title as title4_0_0_, this_.updated_at as updated_5_0_0_ from notes this_ where this_.title=?, time: 6ms, rows: 9
2018-02-20 14:30:27.699  INFO 16724 --- [http-nio-8080-exec-1] i.StatisticalLoggingSessionEventListener : Session Metrics {
    759909 nanoseconds spent acquiring 1 JDBC connections;
    0 nanoseconds spent releasing 0 JDBC connections;
    907154 nanoseconds spent preparing 1 JDBC statements;
    507659 nanoseconds spent executing 1 JDBC statements;
    0 nanoseconds spent executing 0 JDBC batches;
    0 nanoseconds spent performing 0 L2C puts;
    0 nanoseconds spent performing 0 L2C hits;
    0 nanoseconds spent performing 0 L2C misses;
    0 nanoseconds spent executing 0 flushes (flushing a total of 0 entities and 0 collections);
    0 nanoseconds spent executing 0 partial-flushes (flushing a total of 0 entities and 0 collections)
}
2018-02-20 14:31:37.675  INFO 16724 --- [Thread-117] ationConfigEmbeddedWebApplicationContext : Closing org.springframework.boot.context.embedded.AnnotationConfigEmbeddedWebApplicationContext@79b132ce: startup date [Tue Feb 20 14:30:11 CST 2018]; root of context hierarchy
2018-02-20 14:31:37.678  INFO 16724 --- [Thread-117] o.s.j.e.a.AnnotationMBeanExporter        : Unregistering JMX-exposed beans on shutdown
2018-02-20 14:31:37.678  INFO 16724 --- [Thread-117] j.LocalContainerEntityManagerFactoryBean : Closing JPA EntityManagerFactory for persistence unit 'default'
